<?xml version="1.0" encoding="UTF-8" ?>
<testsuite tests="1" failures="0" name="estimator.AppTest" time="0.008" errors="0" skipped="0">
  <properties>
    <property name="os.detected.version" value="10.0"/>
    <property name="java.runtime.name" value="OpenJDK Runtime Environment"/>
    <property name="java.vm.version" value="11.0.13+7-b1751.21"/>
    <property name="sun.boot.library.path" value="C:\Users\santo\anaconda3\envs\ISCF2\Library\bin"/>
    <property name="maven.multiModuleProjectDirectory" value="C:\Users\santo\OneDrive\Ambiente de Trabalho\ISCF\Trab3\javaserver"/>
    <property name="java.vm.vendor" value="JetBrains s.r.o."/>
    <property name="java.vendor.url" value="https://openjdk.java.net/"/>
    <property name="guice.disable.misplaced.annotation.check" value="true"/>
    <property name="path.separator" value=";"/>
    <property name="os.detected.version.minor" value="0"/>
    <property name="java.vm.name" value="OpenJDK 64-Bit Server VM"/>
    <property name="sun.os.patch.level" value=""/>
    <property name="user.script" value=""/>
    <property name="user.country" value="PT"/>
    <property name="sun.java.launcher" value="SUN_STANDARD"/>
    <property name="java.vm.specification.name" value="Java Virtual Machine Specification"/>
    <property name="user.dir" value="C:\Users\santo\OneDrive\Ambiente de Trabalho\ISCF\Trab3\javaserver"/>
    <property name="java.vm.compressedOopsMode" value="32-bit"/>
    <property name="java.runtime.version" value="11.0.13+7-b1751.21"/>
    <property name="java.awt.graphicsenv" value="sun.awt.Win32GraphicsEnvironment"/>
    <property name="os.arch" value="amd64"/>
    <property name="java.io.tmpdir" value="C:\Users\santo\AppData\Local\Temp\"/>
    <property name="line.separator" value="
"/>
    <property name="java.vm.specification.vendor" value="Oracle Corporation"/>
    <property name="os.detected.version.major" value="10"/>
    <property name="user.variant" value=""/>
    <property name="os.name" value="Windows 10"/>
    <property name="os.detected.classifier" value="windows-x86_64"/>
    <property name="classworlds.conf" value="C:\Users\santo\anaconda3\envs\ISCF2\Library\bin\..\bin\m2.conf"/>
    <property name="sun.jnu.encoding" value="Cp1252"/>
    <property name="java.library.path" value="C:\Users\santo\anaconda3\envs\ISCF2\Library\bin;C:\WINDOWS\Sun\Java\bin;C:\WINDOWS\system32;C:\WINDOWS;C:\Users\santo\anaconda3\envs\ISCF2;C:\Users\santo\anaconda3\envs\ISCF2\Library\mingw-w64\bin;C:\Users\santo\anaconda3\envs\ISCF2\Library\usr\bin;C:\Users\santo\anaconda3\envs\ISCF2\Library\bin;C:\Users\santo\anaconda3\envs\ISCF2\Scripts;C:\Users\santo\anaconda3\envs\ISCF2\bin;C:\Users\santo\anaconda3;C:\Users\santo\anaconda3\Library\mingw-w64\bin;C:\Users\santo\anaconda3\Library\usr\bin;C:\Users\santo\anaconda3\Library\bin;C:\Users\santo\anaconda3\Scripts;C:\Program Files (x86)\Common Files\Oracle\Java\javapath;C:\Program Files (x86)\Intel\Intel(R) Management Engine Components\iCLS;C:\Program Files\Intel\Intel(R) Management Engine Components\iCLS;C:\windows\system32;C:\windows;C:\windows\System32\Wbem;C:\windows\System32\WindowsPowerShell\v1.0;C:\Program Files (x86)\Intel\Intel(R) Management Engine Components\DAL;C:\Program Files\Intel\Intel(R) Management Engine Components\DAL;C:\Program Files (x86)\Intel\Intel(R) Management Engine Components\IPT;C:\Program Files\Intel\Intel(R) Management Engine Components\IPT;C:\Program Files (x86)\NVIDIA Corporation\PhysX\Common;C:\WINDOWS\system32;C:\WINDOWS;C:\WINDOWS\System32\Wbem;C:\WINDOWS\System32\WindowsPowerShell\v1.0;C:\WINDOWS\System32\OpenSSH;C:\Program Files\dotnet;C:\Program Files\Docker\Docker\resources\bin;C:\Users\santo\anaconda3\condabin;C:\Users\santo\anaconda3;C:\Users\santo\anaconda3\scripts;C:\Users\santo\anaconda3\Library\bin;C:\Program Files (x86)\Microchip\MPLAB C32 Suite\bin;C:\Program Files\nodejs;C:\Program Files\Git\cmd;C:\Program Files (x86)\Microchip\MPLAB C30\bin;C:\Users\santo\AppData\Local\Microsoft\WindowsApps;C:\Users\santo\.dotnet\tools;C:\Users\santo\AppData\Local\Programs\Microsoft VS Code\bin;C:\Users\santo\AppData\Roaming\npm;C:\Users\santo\AppData\Local\GitHubDesktop\bin;C:\Users\santo\OneDrive\Ambiente de Trabalho\App do BEST\flutter\bin;C:\Program Files\Java\jdk1.8.0_202\bin;.;."/>
    <property name="os.detected.arch" value="x86_64"/>
    <property name="maven.conf" value="C:\Users\santo\anaconda3\envs\ISCF2\Library\bin\../conf"/>
    <property name="jdk.debug" value="release"/>
    <property name="java.class.version" value="55.0"/>
    <property name="java.specification.name" value="Java Platform API Specification"/>
    <property name="sun.management.compiler" value="HotSpot 64-Bit Tiered Compilers"/>
    <property name="os.detected.name" value="windows"/>
    <property name="os.detected.bitness" value="64"/>
    <property name="os.version" value="10.0"/>
    <property name="library.jansi.path" value="C:\Users\santo\anaconda3\envs\ISCF2\Library\bin\..\lib\jansi-native"/>
    <property name="user.home" value="C:\Users\santo"/>
    <property name="user.timezone" value="Europe/London"/>
    <property name="java.awt.printerjob" value="sun.awt.windows.WPrinterJob"/>
    <property name="file.encoding" value="Cp1252"/>
    <property name="java.specification.version" value="11"/>
    <property name="user.name" value="santo"/>
    <property name="java.class.path" value="C:\Users\santo\anaconda3\envs\ISCF2\Library\bin\..\boot\plexus-classworlds-2.6.0.jar"/>
    <property name="java.vm.specification.version" value="11"/>
    <property name="sun.arch.data.model" value="64"/>
    <property name="sun.java.command" value="org.codehaus.plexus.classworlds.launcher.Launcher clean install"/>
    <property name="java.home" value="C:\Users\santo\anaconda3\envs\ISCF2\Library"/>
    <property name="user.language" value="pt"/>
    <property name="java.specification.vendor" value="Oracle Corporation"/>
    <property name="awt.toolkit" value="sun.awt.windows.WToolkit"/>
    <property name="java.vm.info" value="mixed mode"/>
    <property name="java.version" value="11.0.13"/>
    <property name="java.vendor" value="JetBrains s.r.o."/>
    <property name="sun.stderr.encoding" value="cp65001"/>
    <property name="maven.home" value="C:\Users\santo\anaconda3\envs\ISCF2\Library\bin\.."/>
    <property name="file.separator" value="\"/>
    <property name="java.version.date" value="2021-10-19"/>
    <property name="java.vendor.url.bug" value="https://bugreport.java.com/bugreport/"/>
    <property name="sun.io.unicode.encoding" value="UnicodeLittle"/>
    <property name="sun.cpu.endian" value="little"/>
    <property name="java.vendor.version" value="JBR-11.0.13.7-1751.21-jcef"/>
    <property name="sun.stdout.encoding" value="cp65001"/>
    <property name="sun.desktop" value="windows"/>
    <property name="sun.cpu.isalist" value="amd64"/>
  </properties>
  <testcase classname="estimator.AppTest" name="testApp" time="0.008"/>
</testsuite>